Performing C SOURCE FILE Test CMAKE_HAVE_LIBC_PTHREAD failed with the following output:
Change Dir: /home/vinh/Desktop/Cpp-Facenet/CMakeFiles/CMakeTmp

Run Build Command(s):/usr/bin/make cmTC_c4835/fast && /usr/bin/make -f CMakeFiles/cmTC_c4835.dir/build.make CMakeFiles/cmTC_c4835.dir/build
make[1]: Entering directory '/home/vinh/Desktop/Cpp-Facenet/CMakeFiles/CMakeTmp'
Building C object CMakeFiles/cmTC_c4835.dir/src.c.o
/usr/bin/cc   -DCMAKE_HAVE_LIBC_PTHREAD   -o CMakeFiles/cmTC_c4835.dir/src.c.o   -c /home/vinh/Desktop/Cpp-Facenet/CMakeFiles/CMakeTmp/src.c
Linking C executable cmTC_c4835
/usr/bin/cmake -E cmake_link_script CMakeFiles/cmTC_c4835.dir/link.txt --verbose=1
/usr/bin/cc  -DCMAKE_HAVE_LIBC_PTHREAD    -rdynamic CMakeFiles/cmTC_c4835.dir/src.c.o  -o cmTC_c4835 
/usr/bin/ld: CMakeFiles/cmTC_c4835.dir/src.c.o: in function `main':
src.c:(.text+0x46): undefined reference to `pthread_create'
/usr/bin/ld: src.c:(.text+0x52): undefined reference to `pthread_detach'
/usr/bin/ld: src.c:(.text+0x63): undefined reference to `pthread_join'
collect2: error: ld returned 1 exit status
make[1]: *** [CMakeFiles/cmTC_c4835.dir/build.make:87: cmTC_c4835] Error 1
make[1]: Leaving directory '/home/vinh/Desktop/Cpp-Facenet/CMakeFiles/CMakeTmp'
make: *** [Makefile:121: cmTC_c4835/fast] Error 2


Source file was:
#include <pthread.h>

void* test_func(void* data)
{
  return data;
}

int main(void)
{
  pthread_t thread;
  pthread_create(&thread, NULL, test_func, NULL);
  pthread_detach(thread);
  pthread_join(thread, NULL);
  pthread_atfork(NULL, NULL, NULL);
  pthread_exit(NULL);

  return 0;
}

Determining if the function pthread_create exists in the pthreads failed with the following output:
Change Dir: /home/vinh/Desktop/Cpp-Facenet/CMakeFiles/CMakeTmp

Run Build Command(s):/usr/bin/make cmTC_8e2f7/fast && /usr/bin/make -f CMakeFiles/cmTC_8e2f7.dir/build.make CMakeFiles/cmTC_8e2f7.dir/build
make[1]: Entering directory '/home/vinh/Desktop/Cpp-Facenet/CMakeFiles/CMakeTmp'
Building C object CMakeFiles/cmTC_8e2f7.dir/CheckFunctionExists.c.o
/usr/bin/cc   -DCHECK_FUNCTION_EXISTS=pthread_create   -o CMakeFiles/cmTC_8e2f7.dir/CheckFunctionExists.c.o   -c /usr/share/cmake-3.16/Modules/CheckFunctionExists.c
Linking C executable cmTC_8e2f7
/usr/bin/cmake -E cmake_link_script CMakeFiles/cmTC_8e2f7.dir/link.txt --verbose=1
/usr/bin/cc  -DCHECK_FUNCTION_EXISTS=pthread_create    -rdynamic CMakeFiles/cmTC_8e2f7.dir/CheckFunctionExists.c.o  -o cmTC_8e2f7  -lpthreads 
/usr/bin/ld: cannot find -lpthreads
collect2: error: ld returned 1 exit status
make[1]: *** [CMakeFiles/cmTC_8e2f7.dir/build.make:87: cmTC_8e2f7] Error 1
make[1]: Leaving directory '/home/vinh/Desktop/Cpp-Facenet/CMakeFiles/CMakeTmp'
make: *** [Makefile:121: cmTC_8e2f7/fast] Error 2



Performing C SOURCE FILE Test CMAKE_HAVE_LIBC_PTHREAD failed with the following output:
Change Dir: /home/vinh/Desktop/Cpp-Facenet/CMakeFiles/CMakeTmp

Run Build Command(s):/usr/bin/make cmTC_abd76/fast && /usr/bin/make -f CMakeFiles/cmTC_abd76.dir/build.make CMakeFiles/cmTC_abd76.dir/build
make[1]: Entering directory '/home/vinh/Desktop/Cpp-Facenet/CMakeFiles/CMakeTmp'
Building C object CMakeFiles/cmTC_abd76.dir/src.c.o
/usr/bin/cc   -DCMAKE_HAVE_LIBC_PTHREAD   -o CMakeFiles/cmTC_abd76.dir/src.c.o   -c /home/vinh/Desktop/Cpp-Facenet/CMakeFiles/CMakeTmp/src.c
Linking C executable cmTC_abd76
/usr/bin/cmake -E cmake_link_script CMakeFiles/cmTC_abd76.dir/link.txt --verbose=1
/usr/bin/cc  -DCMAKE_HAVE_LIBC_PTHREAD    -rdynamic CMakeFiles/cmTC_abd76.dir/src.c.o  -o cmTC_abd76 
/usr/bin/ld: CMakeFiles/cmTC_abd76.dir/src.c.o: in function `main':
src.c:(.text+0x46): undefined reference to `pthread_create'
/usr/bin/ld: src.c:(.text+0x52): undefined reference to `pthread_detach'
/usr/bin/ld: src.c:(.text+0x63): undefined reference to `pthread_join'
collect2: error: ld returned 1 exit status
make[1]: *** [CMakeFiles/cmTC_abd76.dir/build.make:87: cmTC_abd76] Error 1
make[1]: Leaving directory '/home/vinh/Desktop/Cpp-Facenet/CMakeFiles/CMakeTmp'
make: *** [Makefile:121: cmTC_abd76/fast] Error 2


Source file was:
#include <pthread.h>

void* test_func(void* data)
{
  return data;
}

int main(void)
{
  pthread_t thread;
  pthread_create(&thread, NULL, test_func, NULL);
  pthread_detach(thread);
  pthread_join(thread, NULL);
  pthread_atfork(NULL, NULL, NULL);
  pthread_exit(NULL);

  return 0;
}

Determining if the function pthread_create exists in the pthreads failed with the following output:
Change Dir: /home/vinh/Desktop/Cpp-Facenet/CMakeFiles/CMakeTmp

Run Build Command(s):/usr/bin/make cmTC_b4f29/fast && /usr/bin/make -f CMakeFiles/cmTC_b4f29.dir/build.make CMakeFiles/cmTC_b4f29.dir/build
make[1]: Entering directory '/home/vinh/Desktop/Cpp-Facenet/CMakeFiles/CMakeTmp'
Building C object CMakeFiles/cmTC_b4f29.dir/CheckFunctionExists.c.o
/usr/bin/cc   -DCHECK_FUNCTION_EXISTS=pthread_create   -o CMakeFiles/cmTC_b4f29.dir/CheckFunctionExists.c.o   -c /usr/share/cmake-3.16/Modules/CheckFunctionExists.c
Linking C executable cmTC_b4f29
/usr/bin/cmake -E cmake_link_script CMakeFiles/cmTC_b4f29.dir/link.txt --verbose=1
/usr/bin/cc  -DCHECK_FUNCTION_EXISTS=pthread_create    -rdynamic CMakeFiles/cmTC_b4f29.dir/CheckFunctionExists.c.o  -o cmTC_b4f29  -lpthreads 
/usr/bin/ld: cannot find -lpthreads
collect2: error: ld returned 1 exit status
make[1]: *** [CMakeFiles/cmTC_b4f29.dir/build.make:87: cmTC_b4f29] Error 1
make[1]: Leaving directory '/home/vinh/Desktop/Cpp-Facenet/CMakeFiles/CMakeTmp'
make: *** [Makefile:121: cmTC_b4f29/fast] Error 2



Performing C SOURCE FILE Test CMAKE_HAVE_LIBC_PTHREAD failed with the following output:
Change Dir: /home/vinh/Desktop/Cpp-Facenet/CMakeFiles/CMakeTmp

Run Build Command(s):/usr/bin/make cmTC_87c75/fast && /usr/bin/make -f CMakeFiles/cmTC_87c75.dir/build.make CMakeFiles/cmTC_87c75.dir/build
make[1]: Entering directory '/home/vinh/Desktop/Cpp-Facenet/CMakeFiles/CMakeTmp'
Building C object CMakeFiles/cmTC_87c75.dir/src.c.o
/usr/bin/cc   -DCMAKE_HAVE_LIBC_PTHREAD   -o CMakeFiles/cmTC_87c75.dir/src.c.o   -c /home/vinh/Desktop/Cpp-Facenet/CMakeFiles/CMakeTmp/src.c
Linking C executable cmTC_87c75
/usr/bin/cmake -E cmake_link_script CMakeFiles/cmTC_87c75.dir/link.txt --verbose=1
/usr/bin/cc  -DCMAKE_HAVE_LIBC_PTHREAD    -rdynamic CMakeFiles/cmTC_87c75.dir/src.c.o  -o cmTC_87c75 
/usr/bin/ld: CMakeFiles/cmTC_87c75.dir/src.c.o: in function `main':
src.c:(.text+0x46): undefined reference to `pthread_create'
/usr/bin/ld: src.c:(.text+0x52): undefined reference to `pthread_detach'
/usr/bin/ld: src.c:(.text+0x63): undefined reference to `pthread_join'
collect2: error: ld returned 1 exit status
make[1]: *** [CMakeFiles/cmTC_87c75.dir/build.make:87: cmTC_87c75] Error 1
make[1]: Leaving directory '/home/vinh/Desktop/Cpp-Facenet/CMakeFiles/CMakeTmp'
make: *** [Makefile:121: cmTC_87c75/fast] Error 2


Source file was:
#include <pthread.h>

void* test_func(void* data)
{
  return data;
}

int main(void)
{
  pthread_t thread;
  pthread_create(&thread, NULL, test_func, NULL);
  pthread_detach(thread);
  pthread_join(thread, NULL);
  pthread_atfork(NULL, NULL, NULL);
  pthread_exit(NULL);

  return 0;
}

Determining if the function pthread_create exists in the pthreads failed with the following output:
Change Dir: /home/vinh/Desktop/Cpp-Facenet/CMakeFiles/CMakeTmp

Run Build Command(s):/usr/bin/make cmTC_a1c89/fast && /usr/bin/make -f CMakeFiles/cmTC_a1c89.dir/build.make CMakeFiles/cmTC_a1c89.dir/build
make[1]: Entering directory '/home/vinh/Desktop/Cpp-Facenet/CMakeFiles/CMakeTmp'
Building C object CMakeFiles/cmTC_a1c89.dir/CheckFunctionExists.c.o
/usr/bin/cc   -DCHECK_FUNCTION_EXISTS=pthread_create   -o CMakeFiles/cmTC_a1c89.dir/CheckFunctionExists.c.o   -c /usr/share/cmake-3.16/Modules/CheckFunctionExists.c
Linking C executable cmTC_a1c89
/usr/bin/cmake -E cmake_link_script CMakeFiles/cmTC_a1c89.dir/link.txt --verbose=1
/usr/bin/cc  -DCHECK_FUNCTION_EXISTS=pthread_create    -rdynamic CMakeFiles/cmTC_a1c89.dir/CheckFunctionExists.c.o  -o cmTC_a1c89  -lpthreads 
/usr/bin/ld: cannot find -lpthreads
collect2: error: ld returned 1 exit status
make[1]: *** [CMakeFiles/cmTC_a1c89.dir/build.make:87: cmTC_a1c89] Error 1
make[1]: Leaving directory '/home/vinh/Desktop/Cpp-Facenet/CMakeFiles/CMakeTmp'
make: *** [Makefile:121: cmTC_a1c89/fast] Error 2



Performing C SOURCE FILE Test CMAKE_HAVE_LIBC_PTHREAD failed with the following output:
Change Dir: /home/vinh/Desktop/Cpp-Facenet/CMakeFiles/CMakeTmp

Run Build Command(s):/usr/bin/make cmTC_cc737/fast && /usr/bin/make -f CMakeFiles/cmTC_cc737.dir/build.make CMakeFiles/cmTC_cc737.dir/build
make[1]: Entering directory '/home/vinh/Desktop/Cpp-Facenet/CMakeFiles/CMakeTmp'
Building C object CMakeFiles/cmTC_cc737.dir/src.c.o
/usr/bin/cc   -DCMAKE_HAVE_LIBC_PTHREAD   -o CMakeFiles/cmTC_cc737.dir/src.c.o   -c /home/vinh/Desktop/Cpp-Facenet/CMakeFiles/CMakeTmp/src.c
Linking C executable cmTC_cc737
/usr/bin/cmake -E cmake_link_script CMakeFiles/cmTC_cc737.dir/link.txt --verbose=1
/usr/bin/cc  -DCMAKE_HAVE_LIBC_PTHREAD    -rdynamic CMakeFiles/cmTC_cc737.dir/src.c.o  -o cmTC_cc737 
/usr/bin/ld: CMakeFiles/cmTC_cc737.dir/src.c.o: in function `main':
src.c:(.text+0x46): undefined reference to `pthread_create'
/usr/bin/ld: src.c:(.text+0x52): undefined reference to `pthread_detach'
/usr/bin/ld: src.c:(.text+0x63): undefined reference to `pthread_join'
collect2: error: ld returned 1 exit status
make[1]: *** [CMakeFiles/cmTC_cc737.dir/build.make:87: cmTC_cc737] Error 1
make[1]: Leaving directory '/home/vinh/Desktop/Cpp-Facenet/CMakeFiles/CMakeTmp'
make: *** [Makefile:121: cmTC_cc737/fast] Error 2


Source file was:
#include <pthread.h>

void* test_func(void* data)
{
  return data;
}

int main(void)
{
  pthread_t thread;
  pthread_create(&thread, NULL, test_func, NULL);
  pthread_detach(thread);
  pthread_join(thread, NULL);
  pthread_atfork(NULL, NULL, NULL);
  pthread_exit(NULL);

  return 0;
}

Determining if the function pthread_create exists in the pthreads failed with the following output:
Change Dir: /home/vinh/Desktop/Cpp-Facenet/CMakeFiles/CMakeTmp

Run Build Command(s):/usr/bin/make cmTC_7570b/fast && /usr/bin/make -f CMakeFiles/cmTC_7570b.dir/build.make CMakeFiles/cmTC_7570b.dir/build
make[1]: Entering directory '/home/vinh/Desktop/Cpp-Facenet/CMakeFiles/CMakeTmp'
Building C object CMakeFiles/cmTC_7570b.dir/CheckFunctionExists.c.o
/usr/bin/cc   -DCHECK_FUNCTION_EXISTS=pthread_create   -o CMakeFiles/cmTC_7570b.dir/CheckFunctionExists.c.o   -c /usr/share/cmake-3.16/Modules/CheckFunctionExists.c
Linking C executable cmTC_7570b
/usr/bin/cmake -E cmake_link_script CMakeFiles/cmTC_7570b.dir/link.txt --verbose=1
/usr/bin/cc  -DCHECK_FUNCTION_EXISTS=pthread_create    -rdynamic CMakeFiles/cmTC_7570b.dir/CheckFunctionExists.c.o  -o cmTC_7570b  -lpthreads 
/usr/bin/ld: cannot find -lpthreads
collect2: error: ld returned 1 exit status
make[1]: *** [CMakeFiles/cmTC_7570b.dir/build.make:87: cmTC_7570b] Error 1
make[1]: Leaving directory '/home/vinh/Desktop/Cpp-Facenet/CMakeFiles/CMakeTmp'
make: *** [Makefile:121: cmTC_7570b/fast] Error 2



Performing C SOURCE FILE Test CMAKE_HAVE_LIBC_PTHREAD failed with the following output:
Change Dir: /home/vinh/Desktop/Cpp-Facenet/CMakeFiles/CMakeTmp

Run Build Command(s):/usr/bin/make cmTC_dc7be/fast && /usr/bin/make -f CMakeFiles/cmTC_dc7be.dir/build.make CMakeFiles/cmTC_dc7be.dir/build
make[1]: Entering directory '/home/vinh/Desktop/Cpp-Facenet/CMakeFiles/CMakeTmp'
Building C object CMakeFiles/cmTC_dc7be.dir/src.c.o
/usr/bin/cc   -DCMAKE_HAVE_LIBC_PTHREAD   -o CMakeFiles/cmTC_dc7be.dir/src.c.o   -c /home/vinh/Desktop/Cpp-Facenet/CMakeFiles/CMakeTmp/src.c
Linking C executable cmTC_dc7be
/usr/bin/cmake -E cmake_link_script CMakeFiles/cmTC_dc7be.dir/link.txt --verbose=1
/usr/bin/cc  -DCMAKE_HAVE_LIBC_PTHREAD    -rdynamic CMakeFiles/cmTC_dc7be.dir/src.c.o  -o cmTC_dc7be 
/usr/bin/ld: CMakeFiles/cmTC_dc7be.dir/src.c.o: in function `main':
src.c:(.text+0x46): undefined reference to `pthread_create'
/usr/bin/ld: src.c:(.text+0x52): undefined reference to `pthread_detach'
/usr/bin/ld: src.c:(.text+0x63): undefined reference to `pthread_join'
collect2: error: ld returned 1 exit status
make[1]: *** [CMakeFiles/cmTC_dc7be.dir/build.make:87: cmTC_dc7be] Error 1
make[1]: Leaving directory '/home/vinh/Desktop/Cpp-Facenet/CMakeFiles/CMakeTmp'
make: *** [Makefile:121: cmTC_dc7be/fast] Error 2


Source file was:
#include <pthread.h>

void* test_func(void* data)
{
  return data;
}

int main(void)
{
  pthread_t thread;
  pthread_create(&thread, NULL, test_func, NULL);
  pthread_detach(thread);
  pthread_join(thread, NULL);
  pthread_atfork(NULL, NULL, NULL);
  pthread_exit(NULL);

  return 0;
}

Determining if the function pthread_create exists in the pthreads failed with the following output:
Change Dir: /home/vinh/Desktop/Cpp-Facenet/CMakeFiles/CMakeTmp

Run Build Command(s):/usr/bin/make cmTC_fba92/fast && /usr/bin/make -f CMakeFiles/cmTC_fba92.dir/build.make CMakeFiles/cmTC_fba92.dir/build
make[1]: Entering directory '/home/vinh/Desktop/Cpp-Facenet/CMakeFiles/CMakeTmp'
Building C object CMakeFiles/cmTC_fba92.dir/CheckFunctionExists.c.o
/usr/bin/cc   -DCHECK_FUNCTION_EXISTS=pthread_create   -o CMakeFiles/cmTC_fba92.dir/CheckFunctionExists.c.o   -c /usr/share/cmake-3.16/Modules/CheckFunctionExists.c
Linking C executable cmTC_fba92
/usr/bin/cmake -E cmake_link_script CMakeFiles/cmTC_fba92.dir/link.txt --verbose=1
/usr/bin/cc  -DCHECK_FUNCTION_EXISTS=pthread_create    -rdynamic CMakeFiles/cmTC_fba92.dir/CheckFunctionExists.c.o  -o cmTC_fba92  -lpthreads 
/usr/bin/ld: cannot find -lpthreads
collect2: error: ld returned 1 exit status
make[1]: *** [CMakeFiles/cmTC_fba92.dir/build.make:87: cmTC_fba92] Error 1
make[1]: Leaving directory '/home/vinh/Desktop/Cpp-Facenet/CMakeFiles/CMakeTmp'
make: *** [Makefile:121: cmTC_fba92/fast] Error 2



Performing C SOURCE FILE Test CMAKE_HAVE_LIBC_PTHREAD failed with the following output:
Change Dir: /home/vinh/Desktop/Cpp-Facenet/CMakeFiles/CMakeTmp

Run Build Command(s):/usr/bin/make cmTC_341c3/fast && /usr/bin/make -f CMakeFiles/cmTC_341c3.dir/build.make CMakeFiles/cmTC_341c3.dir/build
make[1]: Entering directory '/home/vinh/Desktop/Cpp-Facenet/CMakeFiles/CMakeTmp'
Building C object CMakeFiles/cmTC_341c3.dir/src.c.o
/usr/bin/cc   -DCMAKE_HAVE_LIBC_PTHREAD   -o CMakeFiles/cmTC_341c3.dir/src.c.o   -c /home/vinh/Desktop/Cpp-Facenet/CMakeFiles/CMakeTmp/src.c
Linking C executable cmTC_341c3
/usr/bin/cmake -E cmake_link_script CMakeFiles/cmTC_341c3.dir/link.txt --verbose=1
/usr/bin/cc  -DCMAKE_HAVE_LIBC_PTHREAD    -rdynamic CMakeFiles/cmTC_341c3.dir/src.c.o  -o cmTC_341c3 
/usr/bin/ld: CMakeFiles/cmTC_341c3.dir/src.c.o: in function `main':
src.c:(.text+0x46): undefined reference to `pthread_create'
/usr/bin/ld: src.c:(.text+0x52): undefined reference to `pthread_detach'
/usr/bin/ld: src.c:(.text+0x63): undefined reference to `pthread_join'
collect2: error: ld returned 1 exit status
make[1]: *** [CMakeFiles/cmTC_341c3.dir/build.make:87: cmTC_341c3] Error 1
make[1]: Leaving directory '/home/vinh/Desktop/Cpp-Facenet/CMakeFiles/CMakeTmp'
make: *** [Makefile:121: cmTC_341c3/fast] Error 2


Source file was:
#include <pthread.h>

void* test_func(void* data)
{
  return data;
}

int main(void)
{
  pthread_t thread;
  pthread_create(&thread, NULL, test_func, NULL);
  pthread_detach(thread);
  pthread_join(thread, NULL);
  pthread_atfork(NULL, NULL, NULL);
  pthread_exit(NULL);

  return 0;
}

Determining if the function pthread_create exists in the pthreads failed with the following output:
Change Dir: /home/vinh/Desktop/Cpp-Facenet/CMakeFiles/CMakeTmp

Run Build Command(s):/usr/bin/make cmTC_4b3d4/fast && /usr/bin/make -f CMakeFiles/cmTC_4b3d4.dir/build.make CMakeFiles/cmTC_4b3d4.dir/build
make[1]: Entering directory '/home/vinh/Desktop/Cpp-Facenet/CMakeFiles/CMakeTmp'
Building C object CMakeFiles/cmTC_4b3d4.dir/CheckFunctionExists.c.o
/usr/bin/cc   -DCHECK_FUNCTION_EXISTS=pthread_create   -o CMakeFiles/cmTC_4b3d4.dir/CheckFunctionExists.c.o   -c /usr/share/cmake-3.16/Modules/CheckFunctionExists.c
Linking C executable cmTC_4b3d4
/usr/bin/cmake -E cmake_link_script CMakeFiles/cmTC_4b3d4.dir/link.txt --verbose=1
/usr/bin/cc  -DCHECK_FUNCTION_EXISTS=pthread_create    -rdynamic CMakeFiles/cmTC_4b3d4.dir/CheckFunctionExists.c.o  -o cmTC_4b3d4  -lpthreads 
/usr/bin/ld: cannot find -lpthreads
collect2: error: ld returned 1 exit status
make[1]: *** [CMakeFiles/cmTC_4b3d4.dir/build.make:87: cmTC_4b3d4] Error 1
make[1]: Leaving directory '/home/vinh/Desktop/Cpp-Facenet/CMakeFiles/CMakeTmp'
make: *** [Makefile:121: cmTC_4b3d4/fast] Error 2



Performing C SOURCE FILE Test CMAKE_HAVE_LIBC_PTHREAD failed with the following output:
Change Dir: /home/vinh/Desktop/Cpp-Facenet/CMakeFiles/CMakeTmp

Run Build Command(s):/usr/bin/make cmTC_58fbf/fast && /usr/bin/make -f CMakeFiles/cmTC_58fbf.dir/build.make CMakeFiles/cmTC_58fbf.dir/build
make[1]: Entering directory '/home/vinh/Desktop/Cpp-Facenet/CMakeFiles/CMakeTmp'
Building C object CMakeFiles/cmTC_58fbf.dir/src.c.o
/usr/bin/cc   -DCMAKE_HAVE_LIBC_PTHREAD   -o CMakeFiles/cmTC_58fbf.dir/src.c.o   -c /home/vinh/Desktop/Cpp-Facenet/CMakeFiles/CMakeTmp/src.c
Linking C executable cmTC_58fbf
/usr/bin/cmake -E cmake_link_script CMakeFiles/cmTC_58fbf.dir/link.txt --verbose=1
/usr/bin/cc  -DCMAKE_HAVE_LIBC_PTHREAD    -rdynamic CMakeFiles/cmTC_58fbf.dir/src.c.o  -o cmTC_58fbf 
/usr/bin/ld: CMakeFiles/cmTC_58fbf.dir/src.c.o: in function `main':
src.c:(.text+0x46): undefined reference to `pthread_create'
/usr/bin/ld: src.c:(.text+0x52): undefined reference to `pthread_detach'
/usr/bin/ld: src.c:(.text+0x63): undefined reference to `pthread_join'
collect2: error: ld returned 1 exit status
make[1]: *** [CMakeFiles/cmTC_58fbf.dir/build.make:87: cmTC_58fbf] Error 1
make[1]: Leaving directory '/home/vinh/Desktop/Cpp-Facenet/CMakeFiles/CMakeTmp'
make: *** [Makefile:121: cmTC_58fbf/fast] Error 2


Source file was:
#include <pthread.h>

void* test_func(void* data)
{
  return data;
}

int main(void)
{
  pthread_t thread;
  pthread_create(&thread, NULL, test_func, NULL);
  pthread_detach(thread);
  pthread_join(thread, NULL);
  pthread_atfork(NULL, NULL, NULL);
  pthread_exit(NULL);

  return 0;
}

Determining if the function pthread_create exists in the pthreads failed with the following output:
Change Dir: /home/vinh/Desktop/Cpp-Facenet/CMakeFiles/CMakeTmp

Run Build Command(s):/usr/bin/make cmTC_eaea6/fast && /usr/bin/make -f CMakeFiles/cmTC_eaea6.dir/build.make CMakeFiles/cmTC_eaea6.dir/build
make[1]: Entering directory '/home/vinh/Desktop/Cpp-Facenet/CMakeFiles/CMakeTmp'
Building C object CMakeFiles/cmTC_eaea6.dir/CheckFunctionExists.c.o
/usr/bin/cc   -DCHECK_FUNCTION_EXISTS=pthread_create   -o CMakeFiles/cmTC_eaea6.dir/CheckFunctionExists.c.o   -c /usr/share/cmake-3.16/Modules/CheckFunctionExists.c
Linking C executable cmTC_eaea6
/usr/bin/cmake -E cmake_link_script CMakeFiles/cmTC_eaea6.dir/link.txt --verbose=1
/usr/bin/cc  -DCHECK_FUNCTION_EXISTS=pthread_create    -rdynamic CMakeFiles/cmTC_eaea6.dir/CheckFunctionExists.c.o  -o cmTC_eaea6  -lpthreads 
/usr/bin/ld: cannot find -lpthreads
collect2: error: ld returned 1 exit status
make[1]: *** [CMakeFiles/cmTC_eaea6.dir/build.make:87: cmTC_eaea6] Error 1
make[1]: Leaving directory '/home/vinh/Desktop/Cpp-Facenet/CMakeFiles/CMakeTmp'
make: *** [Makefile:121: cmTC_eaea6/fast] Error 2



Performing C SOURCE FILE Test CMAKE_HAVE_LIBC_PTHREAD failed with the following output:
Change Dir: /home/vinh/Desktop/Cpp-Facenet/CMakeFiles/CMakeTmp

Run Build Command(s):/usr/bin/make cmTC_21108/fast && /usr/bin/make -f CMakeFiles/cmTC_21108.dir/build.make CMakeFiles/cmTC_21108.dir/build
make[1]: Entering directory '/home/vinh/Desktop/Cpp-Facenet/CMakeFiles/CMakeTmp'
Building C object CMakeFiles/cmTC_21108.dir/src.c.o
/usr/bin/cc   -DCMAKE_HAVE_LIBC_PTHREAD   -o CMakeFiles/cmTC_21108.dir/src.c.o   -c /home/vinh/Desktop/Cpp-Facenet/CMakeFiles/CMakeTmp/src.c
Linking C executable cmTC_21108
/usr/bin/cmake -E cmake_link_script CMakeFiles/cmTC_21108.dir/link.txt --verbose=1
/usr/bin/cc  -DCMAKE_HAVE_LIBC_PTHREAD    -rdynamic CMakeFiles/cmTC_21108.dir/src.c.o  -o cmTC_21108 
/usr/bin/ld: CMakeFiles/cmTC_21108.dir/src.c.o: in function `main':
src.c:(.text+0x46): undefined reference to `pthread_create'
/usr/bin/ld: src.c:(.text+0x52): undefined reference to `pthread_detach'
/usr/bin/ld: src.c:(.text+0x63): undefined reference to `pthread_join'
collect2: error: ld returned 1 exit status
make[1]: *** [CMakeFiles/cmTC_21108.dir/build.make:87: cmTC_21108] Error 1
make[1]: Leaving directory '/home/vinh/Desktop/Cpp-Facenet/CMakeFiles/CMakeTmp'
make: *** [Makefile:121: cmTC_21108/fast] Error 2


Source file was:
#include <pthread.h>

void* test_func(void* data)
{
  return data;
}

int main(void)
{
  pthread_t thread;
  pthread_create(&thread, NULL, test_func, NULL);
  pthread_detach(thread);
  pthread_join(thread, NULL);
  pthread_atfork(NULL, NULL, NULL);
  pthread_exit(NULL);

  return 0;
}

Determining if the function pthread_create exists in the pthreads failed with the following output:
Change Dir: /home/vinh/Desktop/Cpp-Facenet/CMakeFiles/CMakeTmp

Run Build Command(s):/usr/bin/make cmTC_f0eec/fast && /usr/bin/make -f CMakeFiles/cmTC_f0eec.dir/build.make CMakeFiles/cmTC_f0eec.dir/build
make[1]: Entering directory '/home/vinh/Desktop/Cpp-Facenet/CMakeFiles/CMakeTmp'
Building C object CMakeFiles/cmTC_f0eec.dir/CheckFunctionExists.c.o
/usr/bin/cc   -DCHECK_FUNCTION_EXISTS=pthread_create   -o CMakeFiles/cmTC_f0eec.dir/CheckFunctionExists.c.o   -c /usr/share/cmake-3.16/Modules/CheckFunctionExists.c
Linking C executable cmTC_f0eec
/usr/bin/cmake -E cmake_link_script CMakeFiles/cmTC_f0eec.dir/link.txt --verbose=1
/usr/bin/cc  -DCHECK_FUNCTION_EXISTS=pthread_create    -rdynamic CMakeFiles/cmTC_f0eec.dir/CheckFunctionExists.c.o  -o cmTC_f0eec  -lpthreads 
/usr/bin/ld: cannot find -lpthreads
collect2: error: ld returned 1 exit status
make[1]: *** [CMakeFiles/cmTC_f0eec.dir/build.make:87: cmTC_f0eec] Error 1
make[1]: Leaving directory '/home/vinh/Desktop/Cpp-Facenet/CMakeFiles/CMakeTmp'
make: *** [Makefile:121: cmTC_f0eec/fast] Error 2



Performing C SOURCE FILE Test CMAKE_HAVE_LIBC_PTHREAD failed with the following output:
Change Dir: /home/vinh/Desktop/Cpp-Facenet/CMakeFiles/CMakeTmp

Run Build Command(s):/usr/bin/make cmTC_b8b75/fast && /usr/bin/make -f CMakeFiles/cmTC_b8b75.dir/build.make CMakeFiles/cmTC_b8b75.dir/build
make[1]: Entering directory '/home/vinh/Desktop/Cpp-Facenet/CMakeFiles/CMakeTmp'
Building C object CMakeFiles/cmTC_b8b75.dir/src.c.o
/usr/bin/cc   -DCMAKE_HAVE_LIBC_PTHREAD   -o CMakeFiles/cmTC_b8b75.dir/src.c.o   -c /home/vinh/Desktop/Cpp-Facenet/CMakeFiles/CMakeTmp/src.c
Linking C executable cmTC_b8b75
/usr/bin/cmake -E cmake_link_script CMakeFiles/cmTC_b8b75.dir/link.txt --verbose=1
/usr/bin/cc  -DCMAKE_HAVE_LIBC_PTHREAD    -rdynamic CMakeFiles/cmTC_b8b75.dir/src.c.o  -o cmTC_b8b75 
/usr/bin/ld: CMakeFiles/cmTC_b8b75.dir/src.c.o: in function `main':
src.c:(.text+0x46): undefined reference to `pthread_create'
/usr/bin/ld: src.c:(.text+0x52): undefined reference to `pthread_detach'
/usr/bin/ld: src.c:(.text+0x63): undefined reference to `pthread_join'
collect2: error: ld returned 1 exit status
make[1]: *** [CMakeFiles/cmTC_b8b75.dir/build.make:87: cmTC_b8b75] Error 1
make[1]: Leaving directory '/home/vinh/Desktop/Cpp-Facenet/CMakeFiles/CMakeTmp'
make: *** [Makefile:121: cmTC_b8b75/fast] Error 2


Source file was:
#include <pthread.h>

void* test_func(void* data)
{
  return data;
}

int main(void)
{
  pthread_t thread;
  pthread_create(&thread, NULL, test_func, NULL);
  pthread_detach(thread);
  pthread_join(thread, NULL);
  pthread_atfork(NULL, NULL, NULL);
  pthread_exit(NULL);

  return 0;
}

Determining if the function pthread_create exists in the pthreads failed with the following output:
Change Dir: /home/vinh/Desktop/Cpp-Facenet/CMakeFiles/CMakeTmp

Run Build Command(s):/usr/bin/make cmTC_7f50a/fast && /usr/bin/make -f CMakeFiles/cmTC_7f50a.dir/build.make CMakeFiles/cmTC_7f50a.dir/build
make[1]: Entering directory '/home/vinh/Desktop/Cpp-Facenet/CMakeFiles/CMakeTmp'
Building C object CMakeFiles/cmTC_7f50a.dir/CheckFunctionExists.c.o
/usr/bin/cc   -DCHECK_FUNCTION_EXISTS=pthread_create   -o CMakeFiles/cmTC_7f50a.dir/CheckFunctionExists.c.o   -c /usr/share/cmake-3.16/Modules/CheckFunctionExists.c
Linking C executable cmTC_7f50a
/usr/bin/cmake -E cmake_link_script CMakeFiles/cmTC_7f50a.dir/link.txt --verbose=1
/usr/bin/cc  -DCHECK_FUNCTION_EXISTS=pthread_create    -rdynamic CMakeFiles/cmTC_7f50a.dir/CheckFunctionExists.c.o  -o cmTC_7f50a  -lpthreads 
/usr/bin/ld: cannot find -lpthreads
collect2: error: ld returned 1 exit status
make[1]: *** [CMakeFiles/cmTC_7f50a.dir/build.make:87: cmTC_7f50a] Error 1
make[1]: Leaving directory '/home/vinh/Desktop/Cpp-Facenet/CMakeFiles/CMakeTmp'
make: *** [Makefile:121: cmTC_7f50a/fast] Error 2



Performing C SOURCE FILE Test CMAKE_HAVE_LIBC_PTHREAD failed with the following output:
Change Dir: /home/vinh/Desktop/Cpp-Facenet/CMakeFiles/CMakeTmp

Run Build Command(s):/usr/bin/make cmTC_97c9c/fast && /usr/bin/make -f CMakeFiles/cmTC_97c9c.dir/build.make CMakeFiles/cmTC_97c9c.dir/build
make[1]: Entering directory '/home/vinh/Desktop/Cpp-Facenet/CMakeFiles/CMakeTmp'
Building C object CMakeFiles/cmTC_97c9c.dir/src.c.o
/usr/bin/cc   -DCMAKE_HAVE_LIBC_PTHREAD   -o CMakeFiles/cmTC_97c9c.dir/src.c.o   -c /home/vinh/Desktop/Cpp-Facenet/CMakeFiles/CMakeTmp/src.c
Linking C executable cmTC_97c9c
/usr/bin/cmake -E cmake_link_script CMakeFiles/cmTC_97c9c.dir/link.txt --verbose=1
/usr/bin/cc  -DCMAKE_HAVE_LIBC_PTHREAD    -rdynamic CMakeFiles/cmTC_97c9c.dir/src.c.o  -o cmTC_97c9c 
/usr/bin/ld: CMakeFiles/cmTC_97c9c.dir/src.c.o: in function `main':
src.c:(.text+0x46): undefined reference to `pthread_create'
/usr/bin/ld: src.c:(.text+0x52): undefined reference to `pthread_detach'
/usr/bin/ld: src.c:(.text+0x63): undefined reference to `pthread_join'
collect2: error: ld returned 1 exit status
make[1]: *** [CMakeFiles/cmTC_97c9c.dir/build.make:87: cmTC_97c9c] Error 1
make[1]: Leaving directory '/home/vinh/Desktop/Cpp-Facenet/CMakeFiles/CMakeTmp'
make: *** [Makefile:121: cmTC_97c9c/fast] Error 2


Source file was:
#include <pthread.h>

void* test_func(void* data)
{
  return data;
}

int main(void)
{
  pthread_t thread;
  pthread_create(&thread, NULL, test_func, NULL);
  pthread_detach(thread);
  pthread_join(thread, NULL);
  pthread_atfork(NULL, NULL, NULL);
  pthread_exit(NULL);

  return 0;
}

Determining if the function pthread_create exists in the pthreads failed with the following output:
Change Dir: /home/vinh/Desktop/Cpp-Facenet/CMakeFiles/CMakeTmp

Run Build Command(s):/usr/bin/make cmTC_97a1d/fast && /usr/bin/make -f CMakeFiles/cmTC_97a1d.dir/build.make CMakeFiles/cmTC_97a1d.dir/build
make[1]: Entering directory '/home/vinh/Desktop/Cpp-Facenet/CMakeFiles/CMakeTmp'
Building C object CMakeFiles/cmTC_97a1d.dir/CheckFunctionExists.c.o
/usr/bin/cc   -DCHECK_FUNCTION_EXISTS=pthread_create   -o CMakeFiles/cmTC_97a1d.dir/CheckFunctionExists.c.o   -c /usr/share/cmake-3.16/Modules/CheckFunctionExists.c
Linking C executable cmTC_97a1d
/usr/bin/cmake -E cmake_link_script CMakeFiles/cmTC_97a1d.dir/link.txt --verbose=1
/usr/bin/cc  -DCHECK_FUNCTION_EXISTS=pthread_create    -rdynamic CMakeFiles/cmTC_97a1d.dir/CheckFunctionExists.c.o  -o cmTC_97a1d  -lpthreads 
/usr/bin/ld: cannot find -lpthreads
collect2: error: ld returned 1 exit status
make[1]: *** [CMakeFiles/cmTC_97a1d.dir/build.make:87: cmTC_97a1d] Error 1
make[1]: Leaving directory '/home/vinh/Desktop/Cpp-Facenet/CMakeFiles/CMakeTmp'
make: *** [Makefile:121: cmTC_97a1d/fast] Error 2



Performing C SOURCE FILE Test CMAKE_HAVE_LIBC_PTHREAD failed with the following output:
Change Dir: /home/vinh/Desktop/Cpp-Facenet/CMakeFiles/CMakeTmp

Run Build Command(s):/usr/bin/make cmTC_43ed5/fast && /usr/bin/make -f CMakeFiles/cmTC_43ed5.dir/build.make CMakeFiles/cmTC_43ed5.dir/build
make[1]: Entering directory '/home/vinh/Desktop/Cpp-Facenet/CMakeFiles/CMakeTmp'
Building C object CMakeFiles/cmTC_43ed5.dir/src.c.o
/usr/bin/cc   -DCMAKE_HAVE_LIBC_PTHREAD   -o CMakeFiles/cmTC_43ed5.dir/src.c.o   -c /home/vinh/Desktop/Cpp-Facenet/CMakeFiles/CMakeTmp/src.c
Linking C executable cmTC_43ed5
/usr/bin/cmake -E cmake_link_script CMakeFiles/cmTC_43ed5.dir/link.txt --verbose=1
/usr/bin/cc  -DCMAKE_HAVE_LIBC_PTHREAD    -rdynamic CMakeFiles/cmTC_43ed5.dir/src.c.o  -o cmTC_43ed5 
/usr/bin/ld: CMakeFiles/cmTC_43ed5.dir/src.c.o: in function `main':
src.c:(.text+0x46): undefined reference to `pthread_create'
/usr/bin/ld: src.c:(.text+0x52): undefined reference to `pthread_detach'
/usr/bin/ld: src.c:(.text+0x63): undefined reference to `pthread_join'
collect2: error: ld returned 1 exit status
make[1]: *** [CMakeFiles/cmTC_43ed5.dir/build.make:87: cmTC_43ed5] Error 1
make[1]: Leaving directory '/home/vinh/Desktop/Cpp-Facenet/CMakeFiles/CMakeTmp'
make: *** [Makefile:121: cmTC_43ed5/fast] Error 2


Source file was:
#include <pthread.h>

void* test_func(void* data)
{
  return data;
}

int main(void)
{
  pthread_t thread;
  pthread_create(&thread, NULL, test_func, NULL);
  pthread_detach(thread);
  pthread_join(thread, NULL);
  pthread_atfork(NULL, NULL, NULL);
  pthread_exit(NULL);

  return 0;
}

Determining if the function pthread_create exists in the pthreads failed with the following output:
Change Dir: /home/vinh/Desktop/Cpp-Facenet/CMakeFiles/CMakeTmp

Run Build Command(s):/usr/bin/make cmTC_e2e83/fast && /usr/bin/make -f CMakeFiles/cmTC_e2e83.dir/build.make CMakeFiles/cmTC_e2e83.dir/build
make[1]: Entering directory '/home/vinh/Desktop/Cpp-Facenet/CMakeFiles/CMakeTmp'
Building C object CMakeFiles/cmTC_e2e83.dir/CheckFunctionExists.c.o
/usr/bin/cc   -DCHECK_FUNCTION_EXISTS=pthread_create   -o CMakeFiles/cmTC_e2e83.dir/CheckFunctionExists.c.o   -c /usr/share/cmake-3.16/Modules/CheckFunctionExists.c
Linking C executable cmTC_e2e83
/usr/bin/cmake -E cmake_link_script CMakeFiles/cmTC_e2e83.dir/link.txt --verbose=1
/usr/bin/cc  -DCHECK_FUNCTION_EXISTS=pthread_create    -rdynamic CMakeFiles/cmTC_e2e83.dir/CheckFunctionExists.c.o  -o cmTC_e2e83  -lpthreads 
/usr/bin/ld: cannot find -lpthreads
collect2: error: ld returned 1 exit status
make[1]: *** [CMakeFiles/cmTC_e2e83.dir/build.make:87: cmTC_e2e83] Error 1
make[1]: Leaving directory '/home/vinh/Desktop/Cpp-Facenet/CMakeFiles/CMakeTmp'
make: *** [Makefile:121: cmTC_e2e83/fast] Error 2



Performing C SOURCE FILE Test CMAKE_HAVE_LIBC_PTHREAD failed with the following output:
Change Dir: /home/vinh/Desktop/Cpp-Facenet/CMakeFiles/CMakeTmp

Run Build Command(s):/usr/bin/make cmTC_3a165/fast && /usr/bin/make -f CMakeFiles/cmTC_3a165.dir/build.make CMakeFiles/cmTC_3a165.dir/build
make[1]: Entering directory '/home/vinh/Desktop/Cpp-Facenet/CMakeFiles/CMakeTmp'
Building C object CMakeFiles/cmTC_3a165.dir/src.c.o
/usr/bin/cc   -DCMAKE_HAVE_LIBC_PTHREAD   -o CMakeFiles/cmTC_3a165.dir/src.c.o   -c /home/vinh/Desktop/Cpp-Facenet/CMakeFiles/CMakeTmp/src.c
Linking C executable cmTC_3a165
/usr/bin/cmake -E cmake_link_script CMakeFiles/cmTC_3a165.dir/link.txt --verbose=1
/usr/bin/cc  -DCMAKE_HAVE_LIBC_PTHREAD    -rdynamic CMakeFiles/cmTC_3a165.dir/src.c.o  -o cmTC_3a165 
/usr/bin/ld: CMakeFiles/cmTC_3a165.dir/src.c.o: in function `main':
src.c:(.text+0x46): undefined reference to `pthread_create'
/usr/bin/ld: src.c:(.text+0x52): undefined reference to `pthread_detach'
/usr/bin/ld: src.c:(.text+0x63): undefined reference to `pthread_join'
collect2: error: ld returned 1 exit status
make[1]: *** [CMakeFiles/cmTC_3a165.dir/build.make:87: cmTC_3a165] Error 1
make[1]: Leaving directory '/home/vinh/Desktop/Cpp-Facenet/CMakeFiles/CMakeTmp'
make: *** [Makefile:121: cmTC_3a165/fast] Error 2


Source file was:
#include <pthread.h>

void* test_func(void* data)
{
  return data;
}

int main(void)
{
  pthread_t thread;
  pthread_create(&thread, NULL, test_func, NULL);
  pthread_detach(thread);
  pthread_join(thread, NULL);
  pthread_atfork(NULL, NULL, NULL);
  pthread_exit(NULL);

  return 0;
}

Determining if the function pthread_create exists in the pthreads failed with the following output:
Change Dir: /home/vinh/Desktop/Cpp-Facenet/CMakeFiles/CMakeTmp

Run Build Command(s):/usr/bin/make cmTC_6fd6c/fast && /usr/bin/make -f CMakeFiles/cmTC_6fd6c.dir/build.make CMakeFiles/cmTC_6fd6c.dir/build
make[1]: Entering directory '/home/vinh/Desktop/Cpp-Facenet/CMakeFiles/CMakeTmp'
Building C object CMakeFiles/cmTC_6fd6c.dir/CheckFunctionExists.c.o
/usr/bin/cc   -DCHECK_FUNCTION_EXISTS=pthread_create   -o CMakeFiles/cmTC_6fd6c.dir/CheckFunctionExists.c.o   -c /usr/share/cmake-3.16/Modules/CheckFunctionExists.c
Linking C executable cmTC_6fd6c
/usr/bin/cmake -E cmake_link_script CMakeFiles/cmTC_6fd6c.dir/link.txt --verbose=1
/usr/bin/cc  -DCHECK_FUNCTION_EXISTS=pthread_create    -rdynamic CMakeFiles/cmTC_6fd6c.dir/CheckFunctionExists.c.o  -o cmTC_6fd6c  -lpthreads 
/usr/bin/ld: cannot find -lpthreads
collect2: error: ld returned 1 exit status
make[1]: *** [CMakeFiles/cmTC_6fd6c.dir/build.make:87: cmTC_6fd6c] Error 1
make[1]: Leaving directory '/home/vinh/Desktop/Cpp-Facenet/CMakeFiles/CMakeTmp'
make: *** [Makefile:121: cmTC_6fd6c/fast] Error 2



Performing C SOURCE FILE Test CMAKE_HAVE_LIBC_PTHREAD failed with the following output:
Change Dir: /home/vinh/Desktop/Cpp-Facenet/CMakeFiles/CMakeTmp

Run Build Command(s):/usr/bin/make cmTC_fac71/fast && /usr/bin/make -f CMakeFiles/cmTC_fac71.dir/build.make CMakeFiles/cmTC_fac71.dir/build
make[1]: Entering directory '/home/vinh/Desktop/Cpp-Facenet/CMakeFiles/CMakeTmp'
Building C object CMakeFiles/cmTC_fac71.dir/src.c.o
/usr/bin/cc   -DCMAKE_HAVE_LIBC_PTHREAD   -o CMakeFiles/cmTC_fac71.dir/src.c.o   -c /home/vinh/Desktop/Cpp-Facenet/CMakeFiles/CMakeTmp/src.c
Linking C executable cmTC_fac71
/usr/bin/cmake -E cmake_link_script CMakeFiles/cmTC_fac71.dir/link.txt --verbose=1
/usr/bin/cc  -DCMAKE_HAVE_LIBC_PTHREAD    -rdynamic CMakeFiles/cmTC_fac71.dir/src.c.o  -o cmTC_fac71 
/usr/bin/ld: CMakeFiles/cmTC_fac71.dir/src.c.o: in function `main':
src.c:(.text+0x46): undefined reference to `pthread_create'
/usr/bin/ld: src.c:(.text+0x52): undefined reference to `pthread_detach'
/usr/bin/ld: src.c:(.text+0x63): undefined reference to `pthread_join'
collect2: error: ld returned 1 exit status
make[1]: *** [CMakeFiles/cmTC_fac71.dir/build.make:87: cmTC_fac71] Error 1
make[1]: Leaving directory '/home/vinh/Desktop/Cpp-Facenet/CMakeFiles/CMakeTmp'
make: *** [Makefile:121: cmTC_fac71/fast] Error 2


Source file was:
#include <pthread.h>

void* test_func(void* data)
{
  return data;
}

int main(void)
{
  pthread_t thread;
  pthread_create(&thread, NULL, test_func, NULL);
  pthread_detach(thread);
  pthread_join(thread, NULL);
  pthread_atfork(NULL, NULL, NULL);
  pthread_exit(NULL);

  return 0;
}

Determining if the function pthread_create exists in the pthreads failed with the following output:
Change Dir: /home/vinh/Desktop/Cpp-Facenet/CMakeFiles/CMakeTmp

Run Build Command(s):/usr/bin/make cmTC_05743/fast && /usr/bin/make -f CMakeFiles/cmTC_05743.dir/build.make CMakeFiles/cmTC_05743.dir/build
make[1]: Entering directory '/home/vinh/Desktop/Cpp-Facenet/CMakeFiles/CMakeTmp'
Building C object CMakeFiles/cmTC_05743.dir/CheckFunctionExists.c.o
/usr/bin/cc   -DCHECK_FUNCTION_EXISTS=pthread_create   -o CMakeFiles/cmTC_05743.dir/CheckFunctionExists.c.o   -c /usr/share/cmake-3.16/Modules/CheckFunctionExists.c
Linking C executable cmTC_05743
/usr/bin/cmake -E cmake_link_script CMakeFiles/cmTC_05743.dir/link.txt --verbose=1
/usr/bin/cc  -DCHECK_FUNCTION_EXISTS=pthread_create    -rdynamic CMakeFiles/cmTC_05743.dir/CheckFunctionExists.c.o  -o cmTC_05743  -lpthreads 
/usr/bin/ld: cannot find -lpthreads
collect2: error: ld returned 1 exit status
make[1]: *** [CMakeFiles/cmTC_05743.dir/build.make:87: cmTC_05743] Error 1
make[1]: Leaving directory '/home/vinh/Desktop/Cpp-Facenet/CMakeFiles/CMakeTmp'
make: *** [Makefile:121: cmTC_05743/fast] Error 2



Performing C SOURCE FILE Test CMAKE_HAVE_LIBC_PTHREAD failed with the following output:
Change Dir: /home/vinh/Desktop/Cpp-Facenet/CMakeFiles/CMakeTmp

Run Build Command(s):/usr/bin/make cmTC_2a0f3/fast && /usr/bin/make -f CMakeFiles/cmTC_2a0f3.dir/build.make CMakeFiles/cmTC_2a0f3.dir/build
make[1]: Entering directory '/home/vinh/Desktop/Cpp-Facenet/CMakeFiles/CMakeTmp'
Building C object CMakeFiles/cmTC_2a0f3.dir/src.c.o
/usr/bin/cc   -DCMAKE_HAVE_LIBC_PTHREAD   -o CMakeFiles/cmTC_2a0f3.dir/src.c.o   -c /home/vinh/Desktop/Cpp-Facenet/CMakeFiles/CMakeTmp/src.c
Linking C executable cmTC_2a0f3
/usr/bin/cmake -E cmake_link_script CMakeFiles/cmTC_2a0f3.dir/link.txt --verbose=1
/usr/bin/cc  -DCMAKE_HAVE_LIBC_PTHREAD    -rdynamic CMakeFiles/cmTC_2a0f3.dir/src.c.o  -o cmTC_2a0f3 
/usr/bin/ld: CMakeFiles/cmTC_2a0f3.dir/src.c.o: in function `main':
src.c:(.text+0x46): undefined reference to `pthread_create'
/usr/bin/ld: src.c:(.text+0x52): undefined reference to `pthread_detach'
/usr/bin/ld: src.c:(.text+0x63): undefined reference to `pthread_join'
collect2: error: ld returned 1 exit status
make[1]: *** [CMakeFiles/cmTC_2a0f3.dir/build.make:87: cmTC_2a0f3] Error 1
make[1]: Leaving directory '/home/vinh/Desktop/Cpp-Facenet/CMakeFiles/CMakeTmp'
make: *** [Makefile:121: cmTC_2a0f3/fast] Error 2


Source file was:
#include <pthread.h>

void* test_func(void* data)
{
  return data;
}

int main(void)
{
  pthread_t thread;
  pthread_create(&thread, NULL, test_func, NULL);
  pthread_detach(thread);
  pthread_join(thread, NULL);
  pthread_atfork(NULL, NULL, NULL);
  pthread_exit(NULL);

  return 0;
}

Determining if the function pthread_create exists in the pthreads failed with the following output:
Change Dir: /home/vinh/Desktop/Cpp-Facenet/CMakeFiles/CMakeTmp

Run Build Command(s):/usr/bin/make cmTC_31ed0/fast && /usr/bin/make -f CMakeFiles/cmTC_31ed0.dir/build.make CMakeFiles/cmTC_31ed0.dir/build
make[1]: Entering directory '/home/vinh/Desktop/Cpp-Facenet/CMakeFiles/CMakeTmp'
Building C object CMakeFiles/cmTC_31ed0.dir/CheckFunctionExists.c.o
/usr/bin/cc   -DCHECK_FUNCTION_EXISTS=pthread_create   -o CMakeFiles/cmTC_31ed0.dir/CheckFunctionExists.c.o   -c /usr/share/cmake-3.16/Modules/CheckFunctionExists.c
Linking C executable cmTC_31ed0
/usr/bin/cmake -E cmake_link_script CMakeFiles/cmTC_31ed0.dir/link.txt --verbose=1
/usr/bin/cc  -DCHECK_FUNCTION_EXISTS=pthread_create    -rdynamic CMakeFiles/cmTC_31ed0.dir/CheckFunctionExists.c.o  -o cmTC_31ed0  -lpthreads 
/usr/bin/ld: cannot find -lpthreads
collect2: error: ld returned 1 exit status
make[1]: *** [CMakeFiles/cmTC_31ed0.dir/build.make:87: cmTC_31ed0] Error 1
make[1]: Leaving directory '/home/vinh/Desktop/Cpp-Facenet/CMakeFiles/CMakeTmp'
make: *** [Makefile:121: cmTC_31ed0/fast] Error 2



Performing C SOURCE FILE Test CMAKE_HAVE_LIBC_PTHREAD failed with the following output:
Change Dir: /home/vinh/Desktop/Cpp-Facenet/CMakeFiles/CMakeTmp

Run Build Command(s):/usr/bin/make cmTC_b9b2e/fast && /usr/bin/make -f CMakeFiles/cmTC_b9b2e.dir/build.make CMakeFiles/cmTC_b9b2e.dir/build
make[1]: Entering directory '/home/vinh/Desktop/Cpp-Facenet/CMakeFiles/CMakeTmp'
Building C object CMakeFiles/cmTC_b9b2e.dir/src.c.o
/usr/bin/cc   -DCMAKE_HAVE_LIBC_PTHREAD   -o CMakeFiles/cmTC_b9b2e.dir/src.c.o   -c /home/vinh/Desktop/Cpp-Facenet/CMakeFiles/CMakeTmp/src.c
Linking C executable cmTC_b9b2e
/usr/bin/cmake -E cmake_link_script CMakeFiles/cmTC_b9b2e.dir/link.txt --verbose=1
/usr/bin/cc  -DCMAKE_HAVE_LIBC_PTHREAD    -rdynamic CMakeFiles/cmTC_b9b2e.dir/src.c.o  -o cmTC_b9b2e 
/usr/bin/ld: CMakeFiles/cmTC_b9b2e.dir/src.c.o: in function `main':
src.c:(.text+0x46): undefined reference to `pthread_create'
/usr/bin/ld: src.c:(.text+0x52): undefined reference to `pthread_detach'
/usr/bin/ld: src.c:(.text+0x63): undefined reference to `pthread_join'
collect2: error: ld returned 1 exit status
make[1]: *** [CMakeFiles/cmTC_b9b2e.dir/build.make:87: cmTC_b9b2e] Error 1
make[1]: Leaving directory '/home/vinh/Desktop/Cpp-Facenet/CMakeFiles/CMakeTmp'
make: *** [Makefile:121: cmTC_b9b2e/fast] Error 2


Source file was:
#include <pthread.h>

void* test_func(void* data)
{
  return data;
}

int main(void)
{
  pthread_t thread;
  pthread_create(&thread, NULL, test_func, NULL);
  pthread_detach(thread);
  pthread_join(thread, NULL);
  pthread_atfork(NULL, NULL, NULL);
  pthread_exit(NULL);

  return 0;
}

Determining if the function pthread_create exists in the pthreads failed with the following output:
Change Dir: /home/vinh/Desktop/Cpp-Facenet/CMakeFiles/CMakeTmp

Run Build Command(s):/usr/bin/make cmTC_cdaff/fast && /usr/bin/make -f CMakeFiles/cmTC_cdaff.dir/build.make CMakeFiles/cmTC_cdaff.dir/build
make[1]: Entering directory '/home/vinh/Desktop/Cpp-Facenet/CMakeFiles/CMakeTmp'
Building C object CMakeFiles/cmTC_cdaff.dir/CheckFunctionExists.c.o
/usr/bin/cc   -DCHECK_FUNCTION_EXISTS=pthread_create   -o CMakeFiles/cmTC_cdaff.dir/CheckFunctionExists.c.o   -c /usr/share/cmake-3.16/Modules/CheckFunctionExists.c
Linking C executable cmTC_cdaff
/usr/bin/cmake -E cmake_link_script CMakeFiles/cmTC_cdaff.dir/link.txt --verbose=1
/usr/bin/cc  -DCHECK_FUNCTION_EXISTS=pthread_create    -rdynamic CMakeFiles/cmTC_cdaff.dir/CheckFunctionExists.c.o  -o cmTC_cdaff  -lpthreads 
/usr/bin/ld: cannot find -lpthreads
collect2: error: ld returned 1 exit status
make[1]: *** [CMakeFiles/cmTC_cdaff.dir/build.make:87: cmTC_cdaff] Error 1
make[1]: Leaving directory '/home/vinh/Desktop/Cpp-Facenet/CMakeFiles/CMakeTmp'
make: *** [Makefile:121: cmTC_cdaff/fast] Error 2



Performing C SOURCE FILE Test CMAKE_HAVE_LIBC_PTHREAD failed with the following output:
Change Dir: /home/vinh/Desktop/Cpp-Facenet/CMakeFiles/CMakeTmp

Run Build Command(s):/usr/bin/make cmTC_67427/fast && /usr/bin/make -f CMakeFiles/cmTC_67427.dir/build.make CMakeFiles/cmTC_67427.dir/build
make[1]: Entering directory '/home/vinh/Desktop/Cpp-Facenet/CMakeFiles/CMakeTmp'
Building C object CMakeFiles/cmTC_67427.dir/src.c.o
/usr/bin/cc   -DCMAKE_HAVE_LIBC_PTHREAD   -o CMakeFiles/cmTC_67427.dir/src.c.o   -c /home/vinh/Desktop/Cpp-Facenet/CMakeFiles/CMakeTmp/src.c
Linking C executable cmTC_67427
/usr/bin/cmake -E cmake_link_script CMakeFiles/cmTC_67427.dir/link.txt --verbose=1
/usr/bin/cc  -DCMAKE_HAVE_LIBC_PTHREAD    -rdynamic CMakeFiles/cmTC_67427.dir/src.c.o  -o cmTC_67427 
/usr/bin/ld: CMakeFiles/cmTC_67427.dir/src.c.o: in function `main':
src.c:(.text+0x46): undefined reference to `pthread_create'
/usr/bin/ld: src.c:(.text+0x52): undefined reference to `pthread_detach'
/usr/bin/ld: src.c:(.text+0x63): undefined reference to `pthread_join'
collect2: error: ld returned 1 exit status
make[1]: *** [CMakeFiles/cmTC_67427.dir/build.make:87: cmTC_67427] Error 1
make[1]: Leaving directory '/home/vinh/Desktop/Cpp-Facenet/CMakeFiles/CMakeTmp'
make: *** [Makefile:121: cmTC_67427/fast] Error 2


Source file was:
#include <pthread.h>

void* test_func(void* data)
{
  return data;
}

int main(void)
{
  pthread_t thread;
  pthread_create(&thread, NULL, test_func, NULL);
  pthread_detach(thread);
  pthread_join(thread, NULL);
  pthread_atfork(NULL, NULL, NULL);
  pthread_exit(NULL);

  return 0;
}

Determining if the function pthread_create exists in the pthreads failed with the following output:
Change Dir: /home/vinh/Desktop/Cpp-Facenet/CMakeFiles/CMakeTmp

Run Build Command(s):/usr/bin/make cmTC_a5c7f/fast && /usr/bin/make -f CMakeFiles/cmTC_a5c7f.dir/build.make CMakeFiles/cmTC_a5c7f.dir/build
make[1]: Entering directory '/home/vinh/Desktop/Cpp-Facenet/CMakeFiles/CMakeTmp'
Building C object CMakeFiles/cmTC_a5c7f.dir/CheckFunctionExists.c.o
/usr/bin/cc   -DCHECK_FUNCTION_EXISTS=pthread_create   -o CMakeFiles/cmTC_a5c7f.dir/CheckFunctionExists.c.o   -c /usr/share/cmake-3.16/Modules/CheckFunctionExists.c
Linking C executable cmTC_a5c7f
/usr/bin/cmake -E cmake_link_script CMakeFiles/cmTC_a5c7f.dir/link.txt --verbose=1
/usr/bin/cc  -DCHECK_FUNCTION_EXISTS=pthread_create    -rdynamic CMakeFiles/cmTC_a5c7f.dir/CheckFunctionExists.c.o  -o cmTC_a5c7f  -lpthreads 
/usr/bin/ld: cannot find -lpthreads
collect2: error: ld returned 1 exit status
make[1]: *** [CMakeFiles/cmTC_a5c7f.dir/build.make:87: cmTC_a5c7f] Error 1
make[1]: Leaving directory '/home/vinh/Desktop/Cpp-Facenet/CMakeFiles/CMakeTmp'
make: *** [Makefile:121: cmTC_a5c7f/fast] Error 2



